DEBUG:root:пользователь ввел колличество карт 52
DEBUG:root:пользователь ввел50
DEBUG:root:пользователь ввел100
DEBUG:root:очки карты 8
DEBUG:root:полученная карта 8
DEBUG:root:очки карты 3
DEBUG:root:полученная карта 11
DEBUG:root:очки карты 9
DEBUG:root:полученная карта 20
DEBUG:root:очки карты 10
DEBUG:root:полученная карта 30
DEBUG:root:очки карты 9
DEBUG:root:полученная карта 9
DEBUG:root:очки карты 6
DEBUG:root:полученная карта 15
DEBUG:root:очки карты 10
DEBUG:root:полученная карта 25
DEBUG:root:деньги первого пользователя, его общие очки 100,  25
DEBUG:root:деньги второго пользователя, его общие очки  50, 30
DEBUG:root:Очик первого пользователя 25,
второго пользователя 30, 
третьего пользователя2
DEBUG:root:пользователь ввел колличество карт 52
DEBUG:root:пользователь ввел2
DEBUG:root:пользователь ввел3
DEBUG:root:очки карты 2
DEBUG:root:полученная карта 2
DEBUG:root:очки карты 8
DEBUG:root:полученная карта 10
DEBUG:root:очки карты 7
DEBUG:root:полученная карта 17
DEBUG:root:очки карты 2
DEBUG:root:полученная карта 2
DEBUG:root:очки карты 5
DEBUG:root:полученная карта 7
DEBUG:root:очки карты 4
DEBUG:root:полученная карта 11
DEBUG:root:очки карты 2
DEBUG:root:полученная карта 13
DEBUG:root:деньги первого пользователя, его общие очки 3,  13
DEBUG:root:деньги второго пользователя, его общие очки  2, 17
DEBUG:root:Очик первого пользователя 13,
второго пользователя 17, 
третьего пользователя2
DEBUG:root:пользователь ввел колличество карт 52
DEBUG:root:пользователь ввел50
DEBUG:root:пользователь ввел50
DEBUG:root:очки карты 3
DEBUG:root:полученная карта 3
DEBUG:root:очки карты 10
DEBUG:root:полученная карта 13
DEBUG:root:очки карты 5
DEBUG:root:полученная карта 18
DEBUG:root:очки карты 3
DEBUG:root:полученная карта 21
DEBUG:root:очки карты 5
DEBUG:root:полученная карта 26
DEBUG:root:очки карты 10
DEBUG:root:полученная карта 10
DEBUG:root:очки карты 3
DEBUG:root:полученная карта 13
DEBUG:root:очки карты 10
DEBUG:root:полученная карта 23
DEBUG:root:деньги первого пользователя, его общие очки 50,  23
DEBUG:root:деньги второго пользователя, его общие очки  50, 26
DEBUG:root:Очик первого пользователя 23,
второго пользователя 26, 
третьего пользователя2
